#
# There is insufficient memory for the Java Runtime Environment to continue.
# Native memory allocation (malloc) failed to allocate 1375696 bytes for Chunk::new
# Possible reasons:
#   The system is out of physical RAM or swap space
#   In 32 bit mode, the process size limit was hit
# Possible solutions:
#   Reduce memory load on the system
#   Increase physical memory or swap space
#   Check if swap backing store is full
#   Use 64 bit Java on a 64 bit OS
#   Decrease Java heap size (-Xmx/-Xms)
#   Decrease number of Java threads
#   Decrease Java thread stack sizes (-Xss)
#   Set larger code cache with -XX:ReservedCodeCacheSize=
# This output file may be truncated or incomplete.
#
#  Out of Memory Error (allocation.cpp:390), pid=10344, tid=0x0000000000000700
#
# JRE version: Java(TM) SE Runtime Environment (8.0_131-b11) (build 1.8.0_131-b11)
# Java VM: Java HotSpot(TM) 64-Bit Server VM (25.131-b11 mixed mode windows-amd64 compressed oops)
# Failed to write core dump. Minidumps are not enabled by default on client versions of Windows
#

---------------  T H R E A D  ---------------

Current thread (0x000000001604d800):  JavaThread "C2 CompilerThread1" daemon [_thread_in_native, id=1792, stack(0x0000000016700000,0x0000000016800000)]

Stack: [0x0000000016700000,0x0000000016800000]
[error occurred during error reporting (printing stack bounds), id 0xc0000005]

Native frames: (J=compiled Java code, j=interpreted, Vv=VM code, C=native code)


Current CompileTask:
C2: 203312 13709       4       com.android.utils.XmlUtils::append (540 bytes)


---------------  P R O C E S S  ---------------

Java Threads: ( => current thread )
  0x0000000022163000 JavaThread "stdout" daemon [_thread_in_native, id=7528, stack(0x0000000025790000,0x0000000025890000)]
  0x0000000022162800 JavaThread "stderr" daemon [_thread_in_native, id=10848, stack(0x0000000025690000,0x0000000025790000)]
  0x0000000022166000 JavaThread "stdout" daemon [_thread_in_native, id=12844, stack(0x0000000025590000,0x0000000025690000)]
  0x000000002215b000 JavaThread "stderr" daemon [_thread_in_native, id=9628, stack(0x0000000025490000,0x0000000025590000)]
  0x0000000022161800 JavaThread "stdout" daemon [_thread_in_native, id=8284, stack(0x0000000025390000,0x0000000025490000)]
  0x0000000022161000 JavaThread "stderr" daemon [_thread_in_native, id=13168, stack(0x0000000025290000,0x0000000025390000)]
  0x0000000022159800 JavaThread "stdout" daemon [_thread_in_native, id=11292, stack(0x0000000025190000,0x0000000025290000)]
  0x0000000022160000 JavaThread "stderr" daemon [_thread_in_native, id=2668, stack(0x0000000025090000,0x0000000025190000)]
  0x0000000022158800 JavaThread "stdout" daemon [_thread_in_native, id=868, stack(0x0000000024f90000,0x0000000025090000)]
  0x000000002215a000 JavaThread "stderr" daemon [_thread_in_native, id=7908, stack(0x0000000024e90000,0x0000000024f90000)]
  0x000000002215f800 JavaThread "pool-3-thread-1" [_thread_blocked, id=1816, stack(0x0000000024d90000,0x0000000024e90000)]
  0x000000002215e800 JavaThread "ForkJoinPool.commonPool-worker-5" daemon [_thread_blocked, id=6480, stack(0x0000000024c90000,0x0000000024d90000)]
  0x000000002215d000 JavaThread "ForkJoinPool.commonPool-worker-4" daemon [_thread_blocked, id=1464, stack(0x0000000024b90000,0x0000000024c90000)]
  0x0000000022157000 JavaThread "ForkJoinPool.commonPool-worker-3" daemon [_thread_blocked, id=9888, stack(0x0000000024a90000,0x0000000024b90000)]
  0x0000000022158000 JavaThread "ForkJoinPool.commonPool-worker-2" daemon [_thread_blocked, id=12672, stack(0x0000000024040000,0x0000000024140000)]
  0x000000002215b800 JavaThread "ForkJoinPool.commonPool-worker-1" daemon [_thread_blocked, id=13260, stack(0x0000000024990000,0x0000000024a90000)]
  0x00000000182a8800 JavaThread "Cache worker for Java compile cache (D:\workplace_20200310\.gradle\5.6.4\javaCompile)" [_thread_blocked, id=5948, stack(0x0000000024290000,0x0000000024390000)]
  0x00000000182a7800 JavaThread "Cache worker for Java compile cache (C:\Users\Administrator\.gradle\caches\5.6.4\javaCompile)" [_thread_blocked, id=6600, stack(0x0000000024190000,0x0000000024290000)]
  0x0000000018428000 JavaThread "Cache worker for execution history cache (D:\workplace_20200310\.gradle\5.6.4\executionHistory)" [_thread_blocked, id=5752, stack(0x0000000023b40000,0x0000000023c40000)]
  0x000000001842a000 JavaThread "Execution worker for ':' Thread 5" [_thread_blocked, id=4388, stack(0x0000000023840000,0x0000000023940000)]
  0x0000000018429800 JavaThread "Execution worker for ':' Thread 4" [_thread_blocked, id=2972, stack(0x0000000023740000,0x0000000023840000)]
  0x0000000018420800 JavaThread "Execution worker for ':' Thread 3" [_thread_blocked, id=11116, stack(0x0000000023640000,0x0000000023740000)]
  0x0000000018423800 JavaThread "Execution worker for ':' Thread 2" [_thread_blocked, id=5984, stack(0x0000000023540000,0x0000000023640000)]
  0x0000000018427000 JavaThread "Execution worker for ':'" [_thread_blocked, id=960, stack(0x0000000023240000,0x0000000023340000)]
  0x000000001841f000 JavaThread "Cache worker for file content cache (D:\workplace_20200310\.gradle\5.6.4\fileContent)" [_thread_blocked, id=1440, stack(0x0000000023140000,0x0000000023240000)]
  0x0000000018425800 JavaThread "Cache worker for file content cache (C:\Users\Administrator\.gradle\caches\5.6.4\fileContent)" [_thread_blocked, id=8520, stack(0x0000000023040000,0x0000000023140000)]
  0x000000001ab63000 JavaThread "Cache worker for Build Output Cleanup Cache (D:\workplace_20200310\.gradle\buildOutputCleanup)" [_thread_blocked, id=9592, stack(0x0000000021d20000,0x0000000021e20000)]
  0x000000001ab62000 JavaThread "Build operations Thread 6" [_thread_blocked, id=4012, stack(0x0000000020000000,0x0000000020100000)]
  0x000000001ab61800 JavaThread "Build operations Thread 5" [_thread_blocked, id=4068, stack(0x000000001ff00000,0x0000000020000000)]
  0x000000001ab60800 JavaThread "Build operations Thread 4" [_thread_blocked, id=11960, stack(0x000000001fe00000,0x000000001ff00000)]
  0x000000001ab60000 JavaThread "Build operations Thread 3" [_thread_blocked, id=7308, stack(0x000000001fd00000,0x000000001fe00000)]
  0x000000001ab5f000 JavaThread "Build operations Thread 2" [_thread_blocked, id=9384, stack(0x000000001f520000,0x000000001f620000)]
  0x000000001ab5e800 JavaThread "Build operations" [_thread_blocked, id=8844, stack(0x000000001e170000,0x000000001e270000)]
  0x000000001ab56800 JavaThread "Cache worker for cache directory md-rule (C:\Users\Administrator\.gradle\caches\5.6.4\md-rule)" [_thread_blocked, id=8748, stack(0x000000001df70000,0x000000001e070000)]
  0x000000001ab57800 JavaThread "Cache worker for cache directory md-supplier (C:\Users\Administrator\.gradle\caches\5.6.4\md-supplier)" [_thread_blocked, id=12756, stack(0x000000001c7f0000,0x000000001c8f0000)]
  0x000000001ab5d800 JavaThread "Cache worker for file hash cache (D:\workplace_20200310\.gradle\5.6.4\fileHashes)" [_thread_blocked, id=4848, stack(0x000000001a050000,0x000000001a150000)]
  0x000000001ab5c800 JavaThread "Thread-36" [_thread_blocked, id=2528, stack(0x0000000019d50000,0x0000000019e50000)]
  0x000000001ab55000 JavaThread "Stdin handler" [_thread_blocked, id=1932, stack(0x0000000019c50000,0x0000000019d50000)]
  0x000000001ab54800 JavaThread "Asynchronous log dispatcher for DefaultDaemonConnection: socket connection from /127.0.0.1:56771 to /127.0.0.1:56878" [_thread_blocked, id=2740, stack(0x0000000019950000,0x0000000019a50000)]
  0x000000001ab5b000 JavaThread "Daemon worker Thread 2" [_thread_blocked, id=13144, stack(0x0000000019850000,0x0000000019950000)]
  0x000000001ab5a800 JavaThread "Cancel handler" [_thread_blocked, id=7448, stack(0x0000000001050000,0x0000000001150000)]
  0x000000001ab56000 JavaThread "Handler for socket connection from /127.0.0.1:56771 to /127.0.0.1:56878" [_thread_in_native, id=5260, stack(0x0000000000f50000,0x0000000001050000)]
  0x000000001ab59800 JavaThread "Daemon Thread 2" [_thread_blocked, id=6392, stack(0x0000000000e50000,0x0000000000f50000)]
  0x000000001ab58000 JavaThread "Memory manager" [_thread_blocked, id=10224, stack(0x0000000021c20000,0x0000000021d20000)]
  0x000000001841c800 JavaThread "Cache worker for execution history cache (C:\Users\Administrator\.gradle\caches\5.6.4\executionHistory)" [_thread_blocked, id=6336, stack(0x000000001e070000,0x000000001e170000)]
  0x000000001841d800 JavaThread "Cache worker for journal cache (C:\Users\Administrator\.gradle\caches\journal-1)" [_thread_blocked, id=7956, stack(0x000000001a550000,0x000000001a650000)]
  0x0000000018422000 JavaThread "File lock request listener" [_thread_in_native, id=6672, stack(0x000000001a450000,0x000000001a550000)]
  0x000000001841e000 JavaThread "Cache worker for file hash cache (C:\Users\Administrator\.gradle\caches\5.6.4\fileHashes)" [_thread_blocked, id=4520, stack(0x000000001a350000,0x000000001a450000)]
  0x00000000182a6000 JavaThread "Daemon periodic checks" [_thread_blocked, id=7184, stack(0x0000000019750000,0x0000000019850000)]
  0x00000000182a9000 JavaThread "Incoming local TCP Connector on port 56771" [_thread_in_native, id=12024, stack(0x00000000195a0000,0x00000000196a0000)]
  0x00000000182a3000 JavaThread "Daemon health stats" [_thread_blocked, id=6752, stack(0x00000000192a0000,0x00000000193a0000)]
  0x00000000160c0000 JavaThread "Service Thread" daemon [_thread_blocked, id=2412, stack(0x0000000016900000,0x0000000016a00000)]
  0x0000000016052800 JavaThread "C1 CompilerThread2" daemon [_thread_blocked, id=7652, stack(0x0000000016800000,0x0000000016900000)]
=>0x000000001604d800 JavaThread "C2 CompilerThread1" daemon [_thread_in_native, id=1792, stack(0x0000000016700000,0x0000000016800000)]
  0x000000001465d800 JavaThread "C2 CompilerThread0" daemon [_thread_in_native, id=13220, stack(0x0000000016600000,0x0000000016700000)]
  0x000000001464e800 JavaThread "Attach Listener" daemon [_thread_blocked, id=12752, stack(0x0000000016500000,0x0000000016600000)]
  0x0000000014659800 JavaThread "Signal Dispatcher" daemon [_thread_blocked, id=12404, stack(0x0000000016400000,0x0000000016500000)]
  0x000000001462c800 JavaThread "Finalizer" daemon [_thread_blocked, id=8712, stack(0x0000000015f00000,0x0000000016000000)]
  0x0000000002fd2800 JavaThread "Reference Handler" daemon [_thread_blocked, id=1648, stack(0x0000000015e00000,0x0000000015f00000)]
  0x0000000002edd800 JavaThread "main" [_thread_blocked, id=12560, stack(0x0000000002d70000,0x0000000002e70000)]

Other Threads:
  0x0000000014607800 VMThread [stack: 0x0000000015d00000,0x0000000015e00000] [id=10672]
  0x000000001612b000 WatcherThread [stack: 0x0000000016a00000,0x0000000016b00000] [id=11420]

VM state:not at safepoint (normal execution)

VM Mutex/Monitor currently owned by a thread: None

Heap:
 PSYoungGen      total 139776K, used 71845K [0x00000000f5580000, 0x0000000100000000, 0x0000000100000000)
  eden space 119296K, 43% used [0x00000000f5580000,0x00000000f87b3ef8,0x00000000fca00000)
  from space 20480K, 99% used [0x00000000fca00000,0x00000000fddf5858,0x00000000fde00000)
  to   space 28672K, 0% used [0x00000000fe400000,0x00000000fe400000,0x0000000100000000)
 ParOldGen       total 181760K, used 59503K [0x00000000e0000000, 0x00000000eb180000, 0x00000000f5580000)
  object space 181760K, 32% used [0x00000000e0000000,0x00000000e3a1bf88,0x00000000eb180000)
 Metaspace       used 80786K, capacity 83990K, committed 84224K, reserved 1124352K
  class space    used 10560K, capacity 11228K, committed 11264K, reserved 1048576K

Card table byte_map: [0x00000000123a0000,0x00000000124b0000] byte_map_base: 0x0000000011ca0000

Marking Bits: (ParMarkBitMap*) 0x000000005eabc720
 Begin Bits: [0x0000000012b60000, 0x0000000013360000)
 End Bits:   [0x0000000013360000, 0x0000000013b60000)

Polling page: 0x0000000001210000

CodeCache: size=245760Kb used=38848Kb max_used=39903Kb free=206911Kb
 bounds [0x0000000002fe0000, 0x0000000005710000, 0x0000000011fe0000]
 total_blobs=12755 nmethods=11885 adapters=780
 compilation: enabled

Compilation events (10 events):
Event: 203.252 Thread 0x000000001465d800 nmethod 13817% 0x00000000039be010 code [0x00000000039be4c0, 0x00000000039c0f50]
Event: 203.253 Thread 0x000000001465d800 13851 %     4       sun.nio.cs.UTF_8$Encoder::encodeArrayLoop @ 109 (489 bytes)
Event: 203.257 Thread 0x0000000016052800 13853       2       sun.security.action.GetPropertyAction::<init> (10 bytes)
Event: 203.257 Thread 0x0000000016052800 nmethod 13853 0x00000000052ccb90 code [0x00000000052ccce0, 0x00000000052cce50]
Event: 203.264 Thread 0x000000001465d800 nmethod 13851% 0x000000000413a510 code [0x000000000413a6c0, 0x000000000413b488]
Event: 203.264 Thread 0x000000001465d800 13845       4       com.sun.org.apache.xerces.internal.dom.ParentNode::nodeListItem (226 bytes)
Event: 203.267 Thread 0x000000001465d800 nmethod 13845 0x0000000004f62e90 code [0x0000000004f62fe0, 0x0000000004f63318]
Event: 203.267 Thread 0x000000001465d800 13840       4       com.sun.org.apache.xerces.internal.dom.ElementImpl::getAttributes (36 bytes)
Event: 203.269 Thread 0x000000001465d800 nmethod 13840 0x0000000004f62890 code [0x0000000004f62a00, 0x0000000004f62c38]
Event: 203.269 Thread 0x000000001465d800 13829       4       com.android.ide.common.resources.NodeUtils::updateNamespace (161 bytes)

GC Heap History (10 events):
Event: 7.197 GC heap before
{Heap before GC invocations=12 (full 3):
 PSYoungGen      total 147968K, used 132608K [0x00000000f5580000, 0x0000000100000000, 0x0000000100000000)
  eden space 132608K, 100% used [0x00000000f5580000,0x00000000fd700000,0x00000000fd700000)
  from space 15360K, 0% used [0x00000000ff100000,0x00000000ff100000,0x0000000100000000)
  to   space 20992K, 0% used [0x00000000fd700000,0x00000000fd700000,0x00000000feb80000)
 ParOldGen       total 181760K, used 33256K [0x00000000e0000000, 0x00000000eb180000, 0x00000000f5580000)
  object space 181760K, 18% used [0x00000000e0000000,0x00000000e207a2e8,0x00000000eb180000)
 Metaspace       used 62608K, capacity 65226K, committed 65408K, reserved 1105920K
  class space    used 8758K, capacity 9288K, committed 9344K, reserved 1048576K
Event: 7.207 GC heap after
Heap after GC invocations=12 (full 3):
 PSYoungGen      total 153600K, used 13071K [0x00000000f5580000, 0x0000000100000000, 0x0000000100000000)
  eden space 132608K, 0% used [0x00000000f5580000,0x00000000f5580000,0x00000000fd700000)
  from space 20992K, 62% used [0x00000000fd700000,0x00000000fe3c3d68,0x00000000feb80000)
  to   space 20480K, 0% used [0x00000000fec00000,0x00000000fec00000,0x0000000100000000)
 ParOldGen       total 181760K, used 33264K [0x00000000e0000000, 0x00000000eb180000, 0x00000000f5580000)
  object space 181760K, 18% used [0x00000000e0000000,0x00000000e207c2e8,0x00000000eb180000)
 Metaspace       used 62608K, capacity 65226K, committed 65408K, reserved 1105920K
  class space    used 8758K, capacity 9288K, committed 9344K, reserved 1048576K
}
Event: 199.156 GC heap before
{Heap before GC invocations=13 (full 3):
 PSYoungGen      total 153600K, used 145679K [0x00000000f5580000, 0x0000000100000000, 0x0000000100000000)
  eden space 132608K, 100% used [0x00000000f5580000,0x00000000fd700000,0x00000000fd700000)
  from space 20992K, 62% used [0x00000000fd700000,0x00000000fe3c3d68,0x00000000feb80000)
  to   space 20480K, 0% used [0x00000000fec00000,0x00000000fec00000,0x0000000100000000)
 ParOldGen       total 181760K, used 33264K [0x00000000e0000000, 0x00000000eb180000, 0x00000000f5580000)
  object space 181760K, 18% used [0x00000000e0000000,0x00000000e207c2e8,0x00000000eb180000)
 Metaspace       used 70659K, capacity 73714K, committed 73984K, reserved 1114112K
  class space    used 9529K, capacity 10184K, committed 10240K, reserved 1048576K
Event: 199.180 GC heap after
Heap after GC invocations=13 (full 3):
 PSYoungGen      total 145920K, used 20476K [0x00000000f5580000, 0x0000000100000000, 0x0000000100000000)
  eden space 125440K, 0% used [0x00000000f5580000,0x00000000f5580000,0x00000000fd000000)
  from space 20480K, 99% used [0x00000000fec00000,0x00000000fffff0f0,0x0000000100000000)
  to   space 24576K, 0% used [0x00000000fd000000,0x00000000fd000000,0x00000000fe800000)
 ParOldGen       total 181760K, used 38637K [0x00000000e0000000, 0x00000000eb180000, 0x00000000f5580000)
  object space 181760K, 21% used [0x00000000e0000000,0x00000000e25bb548,0x00000000eb180000)
 Metaspace       used 70659K, capacity 73714K, committed 73984K, reserved 1114112K
  class space    used 9529K, capacity 10184K, committed 10240K, reserved 1048576K
}
Event: 200.368 GC heap before
{Heap before GC invocations=14 (full 3):
 PSYoungGen      total 145920K, used 145916K [0x00000000f5580000, 0x0000000100000000, 0x0000000100000000)
  eden space 125440K, 100% used [0x00000000f5580000,0x00000000fd000000,0x00000000fd000000)
  from space 20480K, 99% used [0x00000000fec00000,0x00000000fffff0f0,0x0000000100000000)
  to   space 24576K, 0% used [0x00000000fd000000,0x00000000fd000000,0x00000000fe800000)
 ParOldGen       total 181760K, used 38637K [0x00000000e0000000, 0x00000000eb180000, 0x00000000f5580000)
  object space 181760K, 21% used [0x00000000e0000000,0x00000000e25bb548,0x00000000eb180000)
 Metaspace       used 76004K, capacity 79038K, committed 79360K, reserved 1118208K
  class space    used 10208K, capacity 10920K, committed 11008K, reserved 1048576K
Event: 200.381 GC heap after
Heap after GC invocations=14 (full 3):
 PSYoungGen      total 150016K, used 24563K [0x00000000f5580000, 0x0000000100000000, 0x0000000100000000)
  eden space 125440K, 0% used [0x00000000f5580000,0x00000000f5580000,0x00000000fd000000)
  from space 24576K, 99% used [0x00000000fd000000,0x00000000fe7fcdc8,0x00000000fe800000)
  to   space 24576K, 0% used [0x00000000fe800000,0x00000000fe800000,0x0000000100000000)
 ParOldGen       total 181760K, used 39638K [0x00000000e0000000, 0x00000000eb180000, 0x00000000f5580000)
  object space 181760K, 21% used [0x00000000e0000000,0x00000000e26b5828,0x00000000eb180000)
 Metaspace       used 76004K, capacity 79038K, committed 79360K, reserved 1118208K
  class space    used 10208K, capacity 10920K, committed 11008K, reserved 1048576K
}
Event: 201.724 GC heap before
{Heap before GC invocations=15 (full 3):
 PSYoungGen      total 150016K, used 150003K [0x00000000f5580000, 0x0000000100000000, 0x0000000100000000)
  eden space 125440K, 100% used [0x00000000f5580000,0x00000000fd000000,0x00000000fd000000)
  from space 24576K, 99% used [0x00000000fd000000,0x00000000fe7fcdc8,0x00000000fe800000)
  to   space 24576K, 0% used [0x00000000fe800000,0x00000000fe800000,0x0000000100000000)
 ParOldGen       total 181760K, used 39638K [0x00000000e0000000, 0x00000000eb180000, 0x00000000f5580000)
  object space 181760K, 21% used [0x00000000e0000000,0x00000000e26b5828,0x00000000eb180000)
 Metaspace       used 79261K, capacity 82430K, committed 82560K, reserved 1120256K
  class space    used 10419K, capacity 11112K, committed 11136K, reserved 1048576K
Event: 201.750 GC heap after
Heap after GC invocations=15 (full 3):
 PSYoungGen      total 143872K, used 9431K [0x00000000f5580000, 0x0000000100000000, 0x0000000100000000)
  eden space 119296K, 0% used [0x00000000f5580000,0x00000000f5580000,0x00000000fca00000)
  from space 24576K, 38% used [0x00000000fe800000,0x00000000ff135d30,0x0000000100000000)
  to   space 27648K, 0% used [0x00000000fca00000,0x00000000fca00000,0x00000000fe500000)
 ParOldGen       total 181760K, used 59487K [0x00000000e0000000, 0x00000000eb180000, 0x00000000f5580000)
  object space 181760K, 32% used [0x00000000e0000000,0x00000000e3a17f88,0x00000000eb180000)
 Metaspace       used 79261K, capacity 82430K, committed 82560K, reserved 1120256K
  class space    used 10419K, capacity 11112K, committed 11136K, reserved 1048576K
}
Event: 202.978 GC heap before
{Heap before GC invocations=16 (full 3):
 PSYoungGen      total 143872K, used 128727K [0x00000000f5580000, 0x0000000100000000, 0x0000000100000000)
  eden space 119296K, 100% used [0x00000000f5580000,0x00000000fca00000,0x00000000fca00000)
  from space 24576K, 38% used [0x00000000fe800000,0x00000000ff135d30,0x0000000100000000)
  to   space 27648K, 0% used [0x00000000fca00000,0x00000000fca00000,0x00000000fe500000)
 ParOldGen       total 181760K, used 59487K [0x00000000e0000000, 0x00000000eb180000, 0x00000000f5580000)
  object space 181760K, 32% used [0x00000000e0000000,0x00000000e3a17f88,0x00000000eb180000)
 Metaspace       used 80481K, capacity 83632K, committed 83712K, reserved 1122304K
  class space    used 10533K, capacity 11195K, committed 11264K, reserved 1048576K
Event: 202.993 GC heap after
Heap after GC invocations=16 (full 3):
 PSYoungGen      total 139776K, used 20438K [0x00000000f5580000, 0x0000000100000000, 0x0000000100000000)
  eden space 119296K, 0% used [0x00000000f5580000,0x00000000f5580000,0x00000000fca00000)
  from space 20480K, 99% used [0x00000000fca00000,0x00000000fddf5858,0x00000000fde00000)
  to   space 28672K, 0% used [0x00000000fe400000,0x00000000fe400000,0x0000000100000000)
 ParOldGen       total 181760K, used 59503K [0x00000000e0000000, 0x00000000eb180000, 0x00000000f5580000)
  object space 181760K, 32% used [0x00000000e0000000,0x00000000e3a1bf88,0x00000000eb180000)
 Metaspace       used 80481K, capacity 83632K, committed 83712K, reserved 1122304K
  class space    used 10533K, capacity 11195K, committed 11264K, reserved 1048576K
}

Deoptimization events (10 events):
Event: 203.068 Thread 0x0000000018427000 Uncommon trap: reason=unstable_if action=reinterpret pc=0x00000000056b2f38 method=com.sun.org.apache.xerces.internal.dom.ParentNode.nodeListItem(I)Lorg/w3c/dom/Node; @ 139
Event: 203.113 Thread 0x0000000018427000 Uncommon trap: reason=unstable_if action=reinterpret pc=0x0000000004c29904 method=sun.nio.cs.UTF_8$Encoder.encodeArrayLoop(Ljava/nio/CharBuffer;Ljava/nio/ByteBuffer;)Ljava/nio/charset/CoderResult; @ 87
Event: 203.123 Thread 0x0000000018427000 Uncommon trap: reason=null_check action=make_not_entrant pc=0x00000000050d73d8 method=com.android.ide.common.resources.NodeUtils.processSingleNodeNamespace(Lorg/w3c/dom/Node;Lorg/w3c/dom/Document;)Z @ 8
Event: 203.150 Thread 0x0000000018427000 Uncommon trap: reason=unstable_if action=reinterpret pc=0x0000000004e7cbd0 method=sun.nio.cs.UTF_8$Encoder.encodeArrayLoop(Ljava/nio/CharBuffer;Ljava/nio/ByteBuffer;)Ljava/nio/charset/CoderResult; @ 400
Event: 203.221 Thread 0x0000000018427000 Uncommon trap: reason=bimorphic action=maybe_recompile pc=0x0000000004f68c34 method=com.sun.org.apache.xerces.internal.dom.ElementImpl.getAttributes()Lorg/w3c/dom/NamedNodeMap; @ 8
Event: 203.223 Thread 0x0000000018427000 Uncommon trap: reason=bimorphic action=maybe_recompile pc=0x0000000004f68c34 method=com.sun.org.apache.xerces.internal.dom.ElementImpl.getAttributes()Lorg/w3c/dom/NamedNodeMap; @ 8
Event: 203.223 Thread 0x0000000018427000 Uncommon trap: reason=bimorphic action=maybe_recompile pc=0x0000000004f68c34 method=com.sun.org.apache.xerces.internal.dom.ElementImpl.getAttributes()Lorg/w3c/dom/NamedNodeMap; @ 8
Event: 203.223 Thread 0x0000000018427000 Uncommon trap: reason=bimorphic action=maybe_recompile pc=0x0000000004f68c34 method=com.sun.org.apache.xerces.internal.dom.ElementImpl.getAttributes()Lorg/w3c/dom/NamedNodeMap; @ 8
Event: 203.240 Thread 0x0000000018427000 Uncommon trap: reason=unstable_if action=reinterpret pc=0x0000000004ef931c method=sun.nio.cs.UTF_8$Encoder.encodeArrayLoop(Ljava/nio/CharBuffer;Ljava/nio/ByteBuffer;)Ljava/nio/charset/CoderResult; @ 175
Event: 203.240 Thread 0x0000000018427000 Uncommon trap: reason=unstable_if action=reinterpret pc=0x0000000004ff27cc method=sun.nio.cs.UTF_8$Encoder.encodeArrayLoop(Ljava/nio/CharBuffer;Ljava/nio/ByteBuffer;)Ljava/nio/charset/CoderResult; @ 400

Internal exceptions (10 events):
Event: 202.193 Thread 0x0000000018427000 Exception <a 'sun/nio/fs/WindowsException'> (0x00000000f79d55a0) thrown at [C:\re\workspace\8-2-build-windows-amd64-cygwin\jdk8u131\8869\hotspot\src\share\vm\prims\jni.cpp, line 709]
Event: 202.196 Thread 0x0000000018427000 Exception <a 'sun/nio/fs/WindowsException'> (0x00000000f7a01de8) thrown at [C:\re\workspace\8-2-build-windows-amd64-cygwin\jdk8u131\8869\hotspot\src\share\vm\prims\jni.cpp, line 709]
Event: 202.197 Thread 0x0000000018427000 Exception <a 'sun/nio/fs/WindowsException'> (0x00000000f7a06f28) thrown at [C:\re\workspace\8-2-build-windows-amd64-cygwin\jdk8u131\8869\hotspot\src\share\vm\prims\jni.cpp, line 709]
Event: 202.198 Thread 0x0000000018427000 Exception <a 'sun/nio/fs/WindowsException'> (0x00000000f7a079f0) thrown at [C:\re\workspace\8-2-build-windows-amd64-cygwin\jdk8u131\8869\hotspot\src\share\vm\prims\jni.cpp, line 709]
Event: 202.223 Thread 0x0000000018427000 Exception <a 'sun/nio/fs/WindowsException'> (0x00000000f7b05008) thrown at [C:\re\workspace\8-2-build-windows-amd64-cygwin\jdk8u131\8869\hotspot\src\share\vm\prims\jni.cpp, line 709]
Event: 202.229 Thread 0x000000001842a000 Exception <a 'sun/nio/fs/WindowsException'> (0x00000000f7b55bd0) thrown at [C:\re\workspace\8-2-build-windows-amd64-cygwin\jdk8u131\8869\hotspot\src\share\vm\prims\jni.cpp, line 709]
Event: 202.235 Thread 0x000000001ab5b000 Implicit null exception at 0x0000000004b34dbb to 0x0000000004b355e1
Event: 202.244 Thread 0x000000001842a000 Implicit null exception at 0x00000000054cd2d3 to 0x00000000054cdd69
Event: 202.277 Thread 0x0000000018427000 Exception <a 'java/lang/NoSuchMethodError': <clinit>> (0x00000000f82d2678) thrown at [C:\re\workspace\8-2-build-windows-amd64-cygwin\jdk8u131\8869\hotspot\src\share\vm\prims\jni.cpp, line 1613]
Event: 203.123 Thread 0x0000000018427000 Implicit null exception at 0x00000000050d7057 to 0x00000000050d73c9

Events (10 events):
Event: 203.305 loading class com/android/builder/internal/aapt/AaptException
Event: 203.305 loading class com/android/builder/internal/aapt/AaptException done
Event: 203.305 loading class com/android/builder/internal/aapt/v2/AaptV2CommandBuilder
Event: 203.305 loading class com/android/builder/internal/aapt/v2/AaptV2CommandBuilder done
Event: 203.306 Executing VM operation: CollectForMetadataAllocation
Event: 203.306 Executing VM operation: CollectForMetadataAllocation done
Event: 203.308 loading class com/android/builder/internal/aapt/v2/Aapt2DaemonImpl$WaitForTaskCompletion$Result$Succeeded
Event: 203.308 loading class com/android/builder/internal/aapt/v2/Aapt2DaemonImpl$WaitForTaskCompletion$Result$Succeeded done
Event: 203.309 loading class com/android/builder/internal/aapt/v2/Aapt2DaemonImpl$WaitForTaskCompletion$Result
Event: 203.309 loading class com/android/builder/internal/aapt/v2/Aapt2DaemonImpl$WaitForTaskCompletion$Result done


Dynamic libraries:
0x00007ff79a340000 - 0x00007ff79a377000 	C:\Program Files\Java\jdk1.8.0_131\bin\java.exe
0x00007ffd69800000 - 0x00007ffd699f0000 	C:\Windows\SYSTEM32\ntdll.dll
0x00007ffd685e0000 - 0x00007ffd68692000 	C:\Windows\System32\KERNEL32.DLL
0x00007ffd66c10000 - 0x00007ffd66eb3000 	C:\Windows\System32\KERNELBASE.dll
0x00007ffd693d0000 - 0x00007ffd69473000 	C:\Windows\System32\ADVAPI32.dll
0x00007ffd68540000 - 0x00007ffd685de000 	C:\Windows\System32\msvcrt.dll
0x00007ffd67fd0000 - 0x00007ffd68067000 	C:\Windows\System32\sechost.dll
0x00007ffd689b0000 - 0x00007ffd68ad0000 	C:\Windows\System32\RPCRT4.dll
0x00007ffd68720000 - 0x00007ffd688b4000 	C:\Windows\System32\USER32.dll
0x00007ffd66ec0000 - 0x00007ffd66ee1000 	C:\Windows\System32\win32u.dll
0x00007ffd67fa0000 - 0x00007ffd67fc6000 	C:\Windows\System32\GDI32.dll
0x00007ffd66f70000 - 0x00007ffd67104000 	C:\Windows\System32\gdi32full.dll
0x00007ffd66ac0000 - 0x00007ffd66b5e000 	C:\Windows\System32\msvcp_win.dll
0x00007ffd66790000 - 0x00007ffd6688a000 	C:\Windows\System32\ucrtbase.dll
0x00007ffd59e90000 - 0x00007ffd5a115000 	C:\Windows\WinSxS\amd64_microsoft.windows.common-controls_6595b64144ccf1df_6.0.18362.418_none_e6c6b287130d565d\COMCTL32.dll
0x00007ffd68b40000 - 0x00007ffd68e76000 	C:\Windows\System32\combase.dll
0x00007ffd66890000 - 0x00007ffd66910000 	C:\Windows\System32\bcryptPrimitives.dll
0x00007ffd69680000 - 0x00007ffd696ae000 	C:\Windows\System32\IMM32.DLL
0x000000005eb40000 - 0x000000005ec12000 	C:\Program Files\Java\jdk1.8.0_131\jre\bin\msvcr100.dll
0x000000005e2a0000 - 0x000000005eb3c000 	C:\Program Files\Java\jdk1.8.0_131\jre\bin\server\jvm.dll
0x00007ffd693c0000 - 0x00007ffd693c8000 	C:\Windows\System32\PSAPI.DLL
0x00007ffd62f70000 - 0x00007ffd62f79000 	C:\Windows\SYSTEM32\WSOCK32.dll
0x00007ffd68ad0000 - 0x00007ffd68b3f000 	C:\Windows\System32\WS2_32.dll
0x00007ffd64640000 - 0x00007ffd64664000 	C:\Windows\SYSTEM32\WINMM.dll
0x00007ffd614b0000 - 0x00007ffd614ba000 	C:\Windows\SYSTEM32\VERSION.dll
0x00007ffd642a0000 - 0x00007ffd642cd000 	C:\Windows\SYSTEM32\winmmbase.dll
0x00007ffd66f20000 - 0x00007ffd66f6a000 	C:\Windows\System32\cfgmgr32.dll
0x000000005e290000 - 0x000000005e29f000 	C:\Program Files\Java\jdk1.8.0_131\jre\bin\verify.dll
0x000000005e260000 - 0x000000005e289000 	C:\Program Files\Java\jdk1.8.0_131\jre\bin\java.dll
0x000000005e240000 - 0x000000005e256000 	C:\Program Files\Java\jdk1.8.0_131\jre\bin\zip.dll
0x00007ffd678b0000 - 0x00007ffd67f95000 	C:\Windows\System32\SHELL32.dll
0x00007ffd695c0000 - 0x00007ffd69669000 	C:\Windows\System32\shcore.dll
0x00007ffd67130000 - 0x00007ffd678af000 	C:\Windows\System32\windows.storage.dll
0x00007ffd66720000 - 0x00007ffd6673f000 	C:\Windows\System32\profapi.dll
0x00007ffd66740000 - 0x00007ffd6678a000 	C:\Windows\System32\powrprof.dll
0x00007ffd666d0000 - 0x00007ffd666e0000 	C:\Windows\System32\UMPDC.dll
0x00007ffd696b0000 - 0x00007ffd69702000 	C:\Windows\System32\shlwapi.dll
0x00007ffd666e0000 - 0x00007ffd666f1000 	C:\Windows\System32\kernel.appcore.dll
0x00007ffd67110000 - 0x00007ffd67127000 	C:\Windows\System32\cryptsp.dll
0x000000005e220000 - 0x000000005e23a000 	C:\Program Files\Java\jdk1.8.0_131\jre\bin\net.dll
0x00007ffd65f40000 - 0x00007ffd65fa7000 	C:\Windows\system32\mswsock.dll
0x000000005e200000 - 0x000000005e211000 	C:\Program Files\Java\jdk1.8.0_131\jre\bin\nio.dll
0x00007ffd63030000 - 0x00007ffd63056000 	C:\Users\Administrator\.gradle\native\30\windows-amd64\native-platform.dll
0x000000005e1f0000 - 0x000000005e1fd000 	C:\Program Files\Java\jdk1.8.0_131\jre\bin\management.dll
0x00007ffd65ab0000 - 0x00007ffd65ae3000 	C:\Windows\system32\rsaenh.dll
0x00007ffd66ef0000 - 0x00007ffd66f16000 	C:\Windows\System32\bcrypt.dll
0x00007ffd665f0000 - 0x00007ffd66615000 	C:\Windows\SYSTEM32\USERENV.dll
0x00007ffd66110000 - 0x00007ffd6611c000 	C:\Windows\SYSTEM32\CRYPTBASE.dll
0x00007ffd65c50000 - 0x00007ffd65c8a000 	C:\Windows\SYSTEM32\IPHLPAPI.DLL
0x00007ffd69670000 - 0x00007ffd69678000 	C:\Windows\System32\NSI.dll
0x00007ffd607f0000 - 0x00007ffd60806000 	C:\Windows\SYSTEM32\dhcpcsvc6.DLL
0x00007ffd61490000 - 0x00007ffd614ac000 	C:\Windows\SYSTEM32\dhcpcsvc.DLL
0x00007ffd65c90000 - 0x00007ffd65d5a000 	C:\Windows\SYSTEM32\DNSAPI.dll
0x00007ffd65730000 - 0x00007ffd65761000 	C:\Windows\SYSTEM32\ntmarta.dll

VM Arguments:
jvm_args: -XX:MaxMetaspaceSize=256m -XX:+HeapDumpOnOutOfMemoryError -Xms256m -Xmx512m -Dfile.encoding=GBK -Duser.country=CN -Duser.language=zh -Duser.variant 
java_command: org.gradle.launcher.daemon.bootstrap.GradleDaemon 5.6.4
java_class_path (initial): C:\Users\Administrator\.gradle\wrapper\dists\gradle-5.6.4-all\ankdp27end7byghfw1q2sw75f\gradle-5.6.4\lib\gradle-launcher-5.6.4.jar
Launcher Type: SUN_STANDARD

Environment Variables:
JAVA_HOME=C:\Program Files\Java\jdk1.8.0_131
CLASSPATH=.;C:\Program Files\Java\jdk1.8.0_131\lib;C:\Program Files\Java\jdk1.8.0_131\lib\tools.jar
PATH=C:\ProgramData\Oracle\Java\javapath;C:\Windows\system32;C:\Windows;C:\Windows\System32\Wbem;C:\Windows\System32\WindowsPowerShell\v1.0\;C:\Windows\System32\OpenSSH\;C:\Program Files (x86)\NVIDIA Corporation\PhysX\Common;C:\Users\Administrator\AppData\Local\Android\Sdk\platform-tools;C:\Users\Administrator\AppData\Local\Android\Sdk\platform-tools;D:\apache-maven-3.6.2\bin;"C:\Program Files\Java\jdk1.8.0_131\bin;C:\Program Files\Java\jdk1.8.0_131\jre\bin";C:\Program Files\Git\cmd;C:\Program Files\OpenSSL-Win64\bin;C:\Program Files\TortoiseSVN\bin;C:\Users\Administrator\AppData\Local\Programs\Python\Python38\Scripts\;C:\Users\Administrator\AppData\Local\Programs\Python\Python38\;C:\Users\Administrator\AppData\Local\Microsoft\WindowsApps;C:\Program Files\Bandizip\
USERNAME=Administrator
OS=Windows_NT
PROCESSOR_IDENTIFIER=Intel64 Family 6 Model 158 Stepping 10, GenuineIntel



---------------  S Y S T E M  ---------------

OS: Windows 10.0 , 64 bit Build 18362 (10.0.18362.329)

CPU:total 6 (initial active 6) (6 cores per cpu, 1 threads per core) family 6 model 158 stepping 10, cmov, cx8, fxsr, mmx, sse, sse2, sse3, ssse3, sse4.1, sse4.2, popcnt, avx, avx2, aes, clmul, erms, 3dnowpref, lzcnt, tsc, tscinvbit, bmi1, bmi2, adx

Memory: 4k page, physical 8302356k(739288k free), swap 12496660k(1580k free)

vm_info: Java HotSpot(TM) 64-Bit Server VM (25.131-b11) for windows-amd64 JRE (1.8.0_131-b11), built on Mar 15 2017 01:23:53 by "java_re" with MS VC++ 10.0 (VS2010)

time: Mon May 18 13:49:51 2020
elapsed time: 203 seconds (0d 0h 3m 23s)

